# Domains associated with ArcaneDoor
# Security Week: [Cisco Raises Alarm for ‘ArcaneDoor’ Zero-Days Hitting ASA Firewall Platforms](https://www.securityweek.com/cisco-raises-alarm-for-arcanedoor-zero-days-hitting-asa-firewall-platforms/)
ga.insurertravelsae.com
insurertravelsae.com
alertdoge.com
ondra.eckoo.ga
eckoo.ga
51-15-145-37.plesk.page
hornyspace.fun
vigorous-stonebraker.216-238-75-155.plesk.page
oskarkarol.xyz
condescending-austin.45-77-54-14.plesk.page
citi-bank.com.co
89.44.198.16.sslip.io
silentassassin47.com
chm.loopdeep.com
loopdeep.com
tiktokstreamer.com
vir-la-512.cxbeat.me
cxbeat.me
m2o9s6.cj93pisk03kds2.xyz
cj93pisk03kds2.xyz
kevos.com
crity.io
fbuy.sood.store
sood.store
weedtracker.app
www.llurer.com
llurer.com
m09109-staging.hstfi.com
hstfi.com
krfantasy.com
adoring-merkle.216-238-74-95.plesk.page
