# https://rightsmarts.com/top-conservative-websites/
# 1. FOX News One America News Network
www.foxnews.com
foxnews.com
www.oann.com
oann.com
# 2. Breitbart News Network
www.breitbart.com
breitbart.com
# 3. Western Journal
www.westernjournal.com
westernjournal.com
# 4. THE DRUDGE REPORT THE BONGINO REPORT
drudgereport.com
www.drudgereport.com
bonginoreport.com
www.bonginoreport.com
# 5. Daily Caller
dailycaller.com
www.dailycaller.com
# 6. Zero Hedge
zerohedge.com
www.zerohedge.com
# 7. Daily Wire
dailywire.com
www.dailywire.com
# 8. InfoWars
infowars.com
www.infowars.com
# 9. Washington Examiner
washingtonexaminer.com
www.washingtonexaminer.com
# 10. The Gateway Pundit
thegatewaypundit.com
www.thegatewaypundit.com
# 11. WayneDupree.com
waynedupree.com
www.waynedupree.com
# 12. Washington Times
washingtontimes.com
www.washingtontimes.com
# 13. The Blaze
theblaze.com
www.theblaze.com
# 14. BizPac Review
bizpacreview.com
www.bizpacreview.com
# 15. National Review
nationalreview.com
www.nationalreview.com
# 16. WorldNetDaily (WND)
wnd.com
www.wnd.com
# 17. Townhall
townhall.com
www.townhall.com
# 18. PJ Media
pjmedia.com
www.pjmedia.com
# 19. Judicial Watch
judicialwatch.org
www.judicialwatch.org
# 20. American Thinker
americanthinker.com
www.americanthinker.com
# 21. The Federalist
thefederalist.com
www.thefederalist.com
# 22. Hot Air
hotair.com
www.hotair.com
# 23. Free Republic
freerepublic.com
www.freerepublic.com
# 24. Twitchy
twitchy.com
www.twitchy.com
# 25. The Conservative Treehouse
theconservativetreehouse.com
www.theconservativetreehouse.com
# 26. Heritage
heritagenews.com
www.heritagenews.com
# 27. Red State
redstate.com
www.redstate.com
# 28. Free Beacon
freebeacon.com
www.freebeacon.com
# 29. Newsbusters
newsbusters.org
www.newsbusters.org
# 30. Rush Limbaugh
rushlimbaugh.com
www.rushlimbaugh.com
# 31. Stripes
stripes.com
www.stripes.com
# 32. Chicks On The Right
chicksonright.com
www.chicksonright.com
# 33. The American Conservative
theamericanconservative.com
www.theamericanconservative.com
# 34. Powerline Blog
powerlineblog.com
www.powerlineblog.com
# 35. CNS News
nsnews.com
www.nsnews.com
# 36. Lew Rockwell
lewrockwell.com
www.lewrockwell.com
# 37. Daily Signal
dailysignal.com
www.dailysignal.com
# 38. Louder With Crowder
louderwithcrowder.com
www.louderwithcrowder.com
# 39. The American Mirror
theamericanmirror.com
0.0.0. www.theamericanmirror.com
# 40. The Mental Recession
menrec.com
www.menrec.com
# 41. The Right Scoop
therightscoop.com
0.0.0. www.therightscoop.com
# 42. Big League Politics
bigleaguepolitics.com
www.bigleaguepolitics.com
# 43. Weekly Standard
weeklystandard.com
www.weeklystandard.com
# 44. True Pundit
truepundit.com
www.truepundit.com
# 45. Lucianne
lucianne.com
www.lucianne.com
# 46. Weasel Zippers
weaselzippers.us
www.weaselzippers.us
# 47. McClatchy DC
mcclatchydc.com
www.mcclatchydc.com
# 48. Frontpage Mag
frontpagemag.com
www.frontpagemag.com
# 49. Hannity
hannity.com
www.hannity.com
# 50. The Political Insider
thepoliticalinsider.com
www.thepoliticalinsider.com
# 51. The Federalist Papers
thefederalistpapers.org
www.thefederalistpapers.org
# 52. What Really Happened
whatreallyhappened.com
www.whatreallyhappened.com
# 53. Spectator.org
spectator.org
www.spectator.org
# 54. Legal Insurrection
legalinsurrection.com
www.legalinsurrection.com
# 55. Trump Train News
trumptrainnews.com
www.trumptrainnews.com
# 56. Independent Journal Review (IJR)
ijr.com
www.ijr.com
# 57. Prison Planet
prisonplanet.com
www.prisonplanet.com
# 58. The Horn News
thehornnews.com
www.thehornnews.com
# 59. The Liberty Daily
thelibertydaily.com
www.thelibertydaily.com
# 60. The Common Sense Show
thecommonsenseshow.com
www.thecommonsenseshow.com
# 61. First Things
firstthings.com
www.firstthings.com
# 62. Bill O’Reilly
billoreilly.com
www.billoreilly.com
# 63. Red State Watcher
redstatewatcher.com
www.redstatewatcher.com
# 64. Informatin Liberation
informationliberation.com
www.informationliberation.com
# 65. 100 Percent Fed Up
100percentfedup.com
www.100percentfedup.com
# 66. Conservative Review
conservativereview.com
www.conservativereview.com
# 67. The Rebel
rebelnews.com
www.rebelnews.com
# 68. Canada Free Press
canadafreepress.com
www.canadafreepress.com
# 69. Ann Coulter
anncoulter.com
www.anncoulter.com
# 70. MRCTV
mrctv.org
www.mrctv.org
# 71. Glenn Beck
glennbeck.com
www.glennbeck.com
# 72. Bipartisan Report
bipartisanreport.com
www.bipartisanreport.com
# 73. Dick Morris
dickmorris.com
www.dickmorris.com
# 74. Conservative Daily Post
conservativedailypost.com
www.conservativedailypost.com
# 75. Steyn Online
steynonline.com
www.steynonline.com
# 76. Dangerous.com
# 20210227: SMc: So this should be shutdown, but will block it anyway: https://www.forbes.com/sites/jonathanberr/2019/10/17/milo-yiannopoulos-website-abruptly-shuts-down-after-sale/?sh=688cd3fd5a0a
dangerous.com
www.dangerous.com
# 77. Clash Daily
clashdaily.com
www.clashdaily.com
# 78. The Daily Sheeply
thedailysheeple.com
www.thedailysheeple.com
# 79. Patriot Post
patriotpost.us
www.patriotpost.us
# 80. Mark Levin Show
marklevinshow.com
www.marklevinshow.com
# 81. The Blacksphere
theblacksphere.net
www.theblacksphere.net
# 82. Human Events
humanevents.com
www.humanevents.com
# 83. Mad World News
madworldnews.com
www.madworldnews.com
# 84. Linkiest
linkiest.com
www.linkiest.com
# 85. GOP USA
gopusa.com
www.gopusa.com
# 86. Blazing Cat Fur
blazingcatfur.ca
www.blazingcatfur.ca
# 87. MRC
mrc.org
www.mrc.org
# 88. Freedom Works
freedomworks.org
www.freedomworks.org
# 89. Michelle Malkin: 20210227: SMc: Can't find any web sites except ArcaMax & Newsmax which I'm blocking.
# 90. Dennis Michael Lynch
dennismichaellynch.com
www.dennismichaellynch.com
# 91. Moon Battery
moonbattery.com
www.moonbattery.com
# 92. DownTrend: 20270227: SMc: Don't see this web site when searching, but maybe just downtrend.com?
downtrend.com
www.downtrend.com
# 93. Daily Headlines
dailyheadlines.net
www.dailyheadlines.net
# 94. Three Percent Nation
threepercenternation.com
www.threepercenternation.com
# 95. Accuracy In Media (AIM)
aim.org
www.aim.org
# 96. The Resurgent
resurgent.com
www.resurgent.com
# 97. We Are Change
wearechange.org
www.wearechange.org
# 98. Joe Miller
joemiller.us
www.joemiller.us
# 99. Conservative-Daily.com
conservative-daily.com
www.conservative-daily.com
# 100. Renew America
renewamerica.com
www.renewamerica.com
# 101. Daniel Pipes
danielpipes.org
www.danielpipes.org
# 102. The Other McCain
theothermccain.com
www.theothermccain.com
# 103. Truth Revolt
thetruthrevolution.net
www.thetruthrevolution.net
# 104. Outside The Beltway
outsidethebeltway.com
www.outsidethebeltway.com
# 105. Da Tech Guy Blog
datechguyblog.com
www.datechguyblog.com
# 106. Conservative HQ
conservativehq.org
www.conservativehq.org
# 107. Whitehouse Dossier
whitehousedossier.com
www.whitehousedossier.com
# 108. Conservative Read
theconservativeread.com
www.theconservativeread.com
# 109. Conservative Fighters
conservativefighters.org
www.conservativefighters.org
# 110. Red Alert Politics
redalertpolitics.com
www.redalertpolitics.com
# 111. Debbie Schlussel
debbieschlussel.com
www.debbieschlussel.com
# 112. America’s Freedom Fighters
americasfreedomfighters.com
www.americasfreedomfighters.com
# 113. Disinfo
disinfo.com
www.disinfo.com
# 114. Republic Buzz
republicbuzz.com
www.republicbuzz.com
# 115. The Matt Walsh Blog
themattwalshblog.com
www.themattwalshblog.com
# 116. Revolution Radio
revolutionradio.org
www.revolutionradio.org
# 117. Danger And Play Updated: Cernovich.com
cernovich.com
www.cernovich.com
# 118. True Viral News: 20210227: SMc: Don't see a site when searching DDG for this.
# 119. Patriot Journal
patriotjournal.org
www.patriotjournal.org
# 120. I Have The Truth: 20270227: SMc: Not sure if this is the right one, but adding it anyway.
thetruth.com
www.thetruth.com
# 121. US Defense Watch
usdefensewatch.com
www.usdefensewatch.com
# 122. Conservative 101: 20210227: SMc: Don't see a site when searching DDG.
# 123. 63 Red
63red.com
www.63red.com
# 124. Supreme Patriot
patriotsupreme.com
www.patriotsupreme.com
# 125. Headline Politics
headlinepolitics.com
www.headlinepolitics.com
# 126. Regated
regated.com
www.regated.com

# Found when looking for Michelle Malkin's web sites
arcamax.com
www.arcamax.com
newsmax.com
www.newsmax.com

# Found when searching for "Truth Revolt"
horowitzfreedomcenter.org
www.horowitzfreedomcenter.org

# 20210306: SMc: Adding gab.social after seeing https://github.com/micahflee/gab-social
gab.social
www.gab.social

# 20210420: SMc: Adding Frank Speech, by Mike Lindell (the My Pillow guy). Also adding the supposed builders of the site: Johnston Howse.
frankspeech.com
www.frankspeech.com
JohnstonHowse.com
www.JohnstonHowse.com
Rhubarb-Terrier-x8ya.squarespace.com

# 20210505: SMc: Adding trump's site: https://www.theguardian.com/us-news/2021/may/04/donald-trump-social-media-platform-blog
DonaldJTrump.com
www.DonaldJTrump.com

# 20210701: SMc: https://www.axios.com/jason-miller-social-media-gettr-donald-trump-46b0da7e-0d24-41f7-b7a0-6114e117f6f2.html
gettr.com
www.gettr.com
freespacesocial.app
www.freespacesocial.app

# 20211021: SMc: trump's nwe "social network"
# https://mashable.com/article/trump-truth-social-hacked-trolls
truthsocial.com
www.truthsocial.com
tmediatech.io
www.tmediatech.io

# 20211026: SMc: Will host trump's site.
rightforge.com
www.rightforge.com

# 20220131: SMc: I'm blocking Spotify since they're willing to lose artists to keep joe rogan:
# Source: https://gist.github.com/captainhook/9eb4132d6e58888e37c6bc6c73dd4e60
apresolve.spotify.com #access point list also used for chromecast
api-spotify.com
api-partner.spotify.com
api-tv.spotify.com
ash-dealer.spotify.com #Load balancer
ash.weblb-wg.dual-gslb.spotify.com #Load balancer
audio-sp.spotify.com #Audio server!
audio-fa.spotify.com #Audio server!
dealer.spotify.com
dealer-ssl.spotify.com
gslb.spotify.com
open.scdn.co
open.spotify.com #web player, you can block this for app only
play.spotify.com #web player, you can block this for app only
spclient.spotify.com
sto3.spotify.com
wg.spotify.com #(*) Breaks entire app
geo3.ggpht.com #Just dont block!
googlehosted.l.googleusercontent.com #Just dont block!
redirector.gvt1.com
spotify.com

# 20220215: SMc: Right-wing dating site: The Right Stuff
rightstuffdating.com
www.rightstuffdating.com

# 20220215: SMc: RSB Network
rsbnetwork.com

# 20220318: SMc: iFunny
ifunny.co
www.ifunny.co
ifunny.com
www.ifunny.co

# 20221028: SMc: Canada Proud
canadaproud.org
www.canadaproud.org

# 20221031: SMc: Santa Monica Observer: Has spread false information, i.e.: https://www.latimes.com/opinion/story/2021-08-09/local-fake-news-hyperpartisan
smobserved.com
www.smobserved.com

# 20221031: SMc: conservative radio host
hughhewitt.com
www.hughhewitt.com

# 20221129: SMc: "is in no way affiliated with Tucker Carlson. TuckerDaily.com is a fan website that seeks to highlight Tucker and other conservative content."
tuckerdaily.com
links.tuckerdaily.com
www.tuckerdaily.com

# 20221130: SMc: "LifeZette is a conservative American website founded in 2015 by conservative political commentator Laura Ingraham and businessman Peter Anthony. In January 2018, Ingraham confirmed that she had sold the majority stake in LifeZette to The Katz Group, owned by Canadian billionaire Daryl Katz."
lifezette.com
www.lifezette.com

# 20221205: SMc: https://www.msn.com/en-us/news/us/web-designer-s-anti-gay-marriage-stance-goes-to-u-s-supreme-court/ar-AA14V0AP
# Alliance Defending Freedom: Alliance Defending Freedom is an American conservative Christian legal advocacy group that works to curtail rights for LGBTQ people; expand Christian practices within public schools and in government; and prevent access to abortion and contraceptives
adflegal.org
www.adflegal.org
# 303 Creative
303creative.com
www.303creative.com

# 20230209: SMc
redfoxnewsalerts.com
www.redfoxnewsalerts.com

# 20230221: SMc: "Amazon competitor"?
mammothnation.com
www.mammothnation.com

# 20230227: SMc: Blocking the Dilbert site because of Adam Scott's recent racist comments
dilbert.com

# 20230318: SMc: https://gizmodo.com/alex-jones-infowars-national-file-facebook-twitter-1850238082
nationalfile.com

# 20230405: SMc: https://www.msn.com/en-us/news/politics/right-side-broadcasting-network-gets-slapped-with-7-day-youtube-ban-for-elections-misinformation-day-before-trump-arraignment/ar-AA19sGkB
rsbnetwork.com
www.rsbnetwork.com

# 20230724: SMc: I didn't realize i never added twitter here, so i'll that along with the X.com domain since that is likely what will be used by twitter
twitter.com
www.twitter.com
x.com
www.x.com

# 20230906: SMc: This sums up why it belongs here: "Another Travesty: J6 Defendant Joe Biggs Gets 17 Years"
jasonpowers.substack.com

# 20230929: SMc: Conservative Republicans of Texas
crtxnews
www.crtxnews
crtpac.com
www.crtpac.com

# 20231113: SMc: Group helping 45 form authoritarin regime
# Source: https://www.axios.com/2023/11/13/trump-loyalists-2024-presidential-election
heritage.org
www.heritage.org
project2025.org
www.project2025.org
tpusa.com
www.tpusa.com
americarenewing.com
www.americarenewing.com
americafirstpolicy.com
www.americafirstpolicy.com
project2025.org
www.project2025.org

# 20231130: SMc: The Washington Post: [Meet PublicSq., the ‘anti-woke’ marketplace backed by Donald Trump Jr.](https://www.washingtonpost.com/business/2023/07/30/public-square-app-anti-woke-shopping-amazon/)
app.publicsq.com
publicsq.com
www.publicsq.com
publicsquare.com
www.publicsquare.com

# 20240112: SMc: I don't know if this is going anywhere, but I'd rather block it now
# Axios: [Scoop: Conservative buyers eye The Messenger at a $60 million valuation](https://www.axios.com/2024/01/04/scoop-conservative-buyers-eye-the-messenger-at-a-60-million-valuation)
themessenger.com
www.themessenger.com

# 20240112: SMc: Engadget: [Substack removes five pro-Nazi newsletters but says its rules aren’t changing](https://www.engadget.com/substack-removes-five-pro-nazi-newsletters-but-says-its-rules-arent-changing-005815459.html?src=rss)
substack.com
www.substack.com

# 20240118: SMc: Axios: [Scoop: Mike Pence's former chief of staff endorses Trump](https://www.axios.com/2024/01/18/trump-endorsement-pence-nick-ayers)
everylife.com
www.everylife.com

# 20240123: SMc: Media Matters: [Alex Jones is profiting from his new game on Steam — while refusing to pay the Sandy Hook families he defamed](https://www.mediamatters.org/alex-jones/alex-jones-profiting-his-new-game-steam-while-refusing-pay-sandy-hook-families-he)
alexjonesgame.com
www.alexjonesgame.com
# Steam: Alex Jones: NWO Wars: [Who made this? - Discovered](https://steamcommunity.com/app/2487350/discussions/0/5715697457566952605/)
# SVGS LLC (An Airzona Limited Liability Company): "SVGS is the leading free-speech-inspired game development studio, ready to create monumental games for influential figures who tackle serious worldly issues. We battle against the fear of cancel culture, putting privacy first and refusing to deplatform legal content."
# ""Rittenhousegame" terms of use, listing a different LLC (Mint Studios AZ LLC) as the creator but listing the same address."
# Mint Studios AZ (US) is behind Alex Jones: NWO Wars & Kyle Rittenhouse's Turkey Shoot
themintstudios.com
www.themintstudios.com
# "Ryan D Justiss"
